2020-06-24 23:38:30.926 [restartedMain] WARN  org.hibernate.dialect.function.TemplateRenderer - HHH000174: Function template anticipated 2 arguments, but 3 arguments encountered
2020-06-24 23:38:30.928 [restartedMain] WARN  org.hibernate.dialect.function.TemplateRenderer - HHH000174: Function template anticipated 2 arguments, but 3 arguments encountered
2020-06-24 23:38:30.949 [restartedMain] WARN  org.hibernate.dialect.function.TemplateRenderer - HHH000174: Function template anticipated 2 arguments, but 3 arguments encountered
2020-06-24 23:38:30.949 [restartedMain] WARN  org.hibernate.dialect.function.TemplateRenderer - HHH000174: Function template anticipated 2 arguments, but 3 arguments encountered
2020-06-24 23:38:31.102 [restartedMain] WARN  org.hibernate.dialect.function.TemplateRenderer - HHH000174: Function template anticipated 2 arguments, but 3 arguments encountered
2020-06-24 23:38:31.103 [restartedMain] WARN  org.hibernate.dialect.function.TemplateRenderer - HHH000174: Function template anticipated 2 arguments, but 3 arguments encountered
2020-06-24 23:38:31.103 [restartedMain] WARN  org.hibernate.dialect.function.TemplateRenderer - HHH000174: Function template anticipated 2 arguments, but 3 arguments encountered
2020-06-24 23:38:31.103 [restartedMain] WARN  org.hibernate.dialect.function.TemplateRenderer - HHH000174: Function template anticipated 2 arguments, but 3 arguments encountered
2020-06-24 23:38:31.103 [restartedMain] WARN  org.hibernate.dialect.function.TemplateRenderer - HHH000174: Function template anticipated 2 arguments, but 3 arguments encountered
2020-06-24 23:38:31.104 [restartedMain] WARN  org.hibernate.dialect.function.TemplateRenderer - HHH000174: Function template anticipated 2 arguments, but 3 arguments encountered
2020-06-24 23:38:31.104 [restartedMain] WARN  org.hibernate.dialect.function.TemplateRenderer - HHH000174: Function template anticipated 2 arguments, but 3 arguments encountered
2020-06-24 23:38:31.104 [restartedMain] WARN  org.hibernate.dialect.function.TemplateRenderer - HHH000174: Function template anticipated 2 arguments, but 3 arguments encountered
2020-06-24 23:38:31.104 [restartedMain] WARN  org.hibernate.dialect.function.TemplateRenderer - HHH000174: Function template anticipated 2 arguments, but 3 arguments encountered
2020-06-24 23:38:31.110 [restartedMain] WARN  org.hibernate.dialect.function.TemplateRenderer - HHH000174: Function template anticipated 2 arguments, but 3 arguments encountered
2020-06-24 23:38:31.110 [restartedMain] WARN  org.hibernate.dialect.function.TemplateRenderer - HHH000174: Function template anticipated 2 arguments, but 3 arguments encountered
2020-06-24 23:38:31.117 [restartedMain] WARN  org.hibernate.dialect.function.TemplateRenderer - HHH000174: Function template anticipated 2 arguments, but 3 arguments encountered
2020-06-24 23:38:31.117 [restartedMain] WARN  org.hibernate.dialect.function.TemplateRenderer - HHH000174: Function template anticipated 2 arguments, but 3 arguments encountered
2020-06-24 23:38:31.118 [restartedMain] WARN  org.hibernate.dialect.function.TemplateRenderer - HHH000174: Function template anticipated 2 arguments, but 3 arguments encountered
2020-06-24 23:38:31.118 [restartedMain] WARN  org.hibernate.dialect.function.TemplateRenderer - HHH000174: Function template anticipated 2 arguments, but 3 arguments encountered
2020-06-24 23:38:31.118 [restartedMain] WARN  org.hibernate.dialect.function.TemplateRenderer - HHH000174: Function template anticipated 2 arguments, but 3 arguments encountered
2020-06-24 23:38:31.118 [restartedMain] WARN  org.hibernate.dialect.function.TemplateRenderer - HHH000174: Function template anticipated 2 arguments, but 3 arguments encountered
2020-06-24 23:38:31.126 [restartedMain] WARN  org.hibernate.dialect.function.TemplateRenderer - HHH000174: Function template anticipated 2 arguments, but 3 arguments encountered
2020-06-24 23:38:31.126 [restartedMain] WARN  org.hibernate.dialect.function.TemplateRenderer - HHH000174: Function template anticipated 2 arguments, but 3 arguments encountered
2020-06-24 23:38:31.126 [restartedMain] WARN  org.hibernate.dialect.function.TemplateRenderer - HHH000174: Function template anticipated 2 arguments, but 3 arguments encountered
2020-06-24 23:38:31.127 [restartedMain] WARN  org.hibernate.dialect.function.TemplateRenderer - HHH000174: Function template anticipated 2 arguments, but 3 arguments encountered
2020-06-24 23:38:31.139 [restartedMain] WARN  org.hibernate.dialect.function.TemplateRenderer - HHH000174: Function template anticipated 2 arguments, but 3 arguments encountered
2020-06-24 23:38:31.139 [restartedMain] WARN  org.hibernate.dialect.function.TemplateRenderer - HHH000174: Function template anticipated 2 arguments, but 3 arguments encountered
2020-06-24 23:38:31.139 [restartedMain] WARN  org.hibernate.dialect.function.TemplateRenderer - HHH000174: Function template anticipated 2 arguments, but 3 arguments encountered
2020-06-24 23:38:31.139 [restartedMain] WARN  org.hibernate.dialect.function.TemplateRenderer - HHH000174: Function template anticipated 2 arguments, but 3 arguments encountered
2020-06-24 23:38:31.139 [restartedMain] WARN  org.hibernate.dialect.function.TemplateRenderer - HHH000174: Function template anticipated 2 arguments, but 3 arguments encountered
2020-06-24 23:38:31.140 [restartedMain] WARN  org.hibernate.dialect.function.TemplateRenderer - HHH000174: Function template anticipated 2 arguments, but 3 arguments encountered
2020-06-24 23:38:31.140 [restartedMain] WARN  org.hibernate.dialect.function.TemplateRenderer - HHH000174: Function template anticipated 2 arguments, but 3 arguments encountered
2020-06-24 23:38:31.140 [restartedMain] WARN  org.hibernate.dialect.function.TemplateRenderer - HHH000174: Function template anticipated 2 arguments, but 3 arguments encountered
2020-06-24 23:38:31.140 [restartedMain] WARN  org.hibernate.dialect.function.TemplateRenderer - HHH000174: Function template anticipated 2 arguments, but 3 arguments encountered
2020-06-24 23:38:31.144 [restartedMain] WARN  org.hibernate.dialect.function.TemplateRenderer - HHH000174: Function template anticipated 2 arguments, but 3 arguments encountered
2020-06-24 23:38:31.144 [restartedMain] WARN  org.hibernate.dialect.function.TemplateRenderer - HHH000174: Function template anticipated 2 arguments, but 3 arguments encountered
2020-06-24 23:38:31.144 [restartedMain] WARN  org.hibernate.dialect.function.TemplateRenderer - HHH000174: Function template anticipated 2 arguments, but 3 arguments encountered
2020-06-24 23:38:31.144 [restartedMain] WARN  org.hibernate.dialect.function.TemplateRenderer - HHH000174: Function template anticipated 2 arguments, but 3 arguments encountered
2020-06-24 23:38:31.150 [restartedMain] WARN  org.hibernate.dialect.function.TemplateRenderer - HHH000174: Function template anticipated 2 arguments, but 3 arguments encountered
2020-06-24 23:38:31.150 [restartedMain] WARN  org.hibernate.dialect.function.TemplateRenderer - HHH000174: Function template anticipated 2 arguments, but 3 arguments encountered
2020-06-24 23:38:31.150 [restartedMain] WARN  org.hibernate.dialect.function.TemplateRenderer - HHH000174: Function template anticipated 2 arguments, but 3 arguments encountered
2020-06-24 23:38:31.151 [restartedMain] WARN  org.hibernate.dialect.function.TemplateRenderer - HHH000174: Function template anticipated 2 arguments, but 3 arguments encountered
2020-06-24 23:38:31.151 [restartedMain] WARN  org.hibernate.dialect.function.TemplateRenderer - HHH000174: Function template anticipated 2 arguments, but 3 arguments encountered
2020-06-24 23:38:31.151 [restartedMain] WARN  org.hibernate.dialect.function.TemplateRenderer - HHH000174: Function template anticipated 2 arguments, but 3 arguments encountered
2020-06-24 23:38:31.156 [restartedMain] WARN  org.hibernate.dialect.function.TemplateRenderer - HHH000174: Function template anticipated 2 arguments, but 3 arguments encountered
2020-06-24 23:38:31.156 [restartedMain] WARN  org.hibernate.dialect.function.TemplateRenderer - HHH000174: Function template anticipated 2 arguments, but 3 arguments encountered
2020-06-24 23:38:31.156 [restartedMain] WARN  org.hibernate.dialect.function.TemplateRenderer - HHH000174: Function template anticipated 2 arguments, but 3 arguments encountered
2020-06-24 23:38:31.159 [restartedMain] WARN  org.hibernate.dialect.function.TemplateRenderer - HHH000174: Function template anticipated 2 arguments, but 3 arguments encountered
2020-06-24 23:38:31.159 [restartedMain] WARN  org.hibernate.dialect.function.TemplateRenderer - HHH000174: Function template anticipated 2 arguments, but 3 arguments encountered
2020-06-24 23:38:31.233 [restartedMain] WARN  org.hibernate.dialect.function.TemplateRenderer - HHH000174: Function template anticipated 2 arguments, but 3 arguments encountered
2020-06-24 23:38:31.233 [restartedMain] WARN  org.hibernate.dialect.function.TemplateRenderer - HHH000174: Function template anticipated 2 arguments, but 3 arguments encountered
2020-06-24 23:38:31.622 [restartedMain] WARN  o.s.b.a.o.j.JpaBaseConfiguration$JpaWebConfiguration$JpaWebMvcConfiguration - spring.jpa.open-in-view is enabled by default. Therefore, database queries may be performed during view rendering. Explicitly configure spring.jpa.open-in-view to disable this warning
2020-06-24 23:41:24.160 [restartedMain] WARN  org.hibernate.dialect.function.TemplateRenderer - HHH000174: Function template anticipated 2 arguments, but 3 arguments encountered
2020-06-24 23:41:24.160 [restartedMain] WARN  org.hibernate.dialect.function.TemplateRenderer - HHH000174: Function template anticipated 2 arguments, but 3 arguments encountered
2020-06-24 23:41:24.179 [restartedMain] WARN  org.hibernate.dialect.function.TemplateRenderer - HHH000174: Function template anticipated 2 arguments, but 3 arguments encountered
2020-06-24 23:41:24.179 [restartedMain] WARN  org.hibernate.dialect.function.TemplateRenderer - HHH000174: Function template anticipated 2 arguments, but 3 arguments encountered
2020-06-24 23:41:24.351 [restartedMain] WARN  org.hibernate.dialect.function.TemplateRenderer - HHH000174: Function template anticipated 2 arguments, but 3 arguments encountered
2020-06-24 23:41:24.351 [restartedMain] WARN  org.hibernate.dialect.function.TemplateRenderer - HHH000174: Function template anticipated 2 arguments, but 3 arguments encountered
2020-06-24 23:41:24.352 [restartedMain] WARN  org.hibernate.dialect.function.TemplateRenderer - HHH000174: Function template anticipated 2 arguments, but 3 arguments encountered
2020-06-24 23:41:24.352 [restartedMain] WARN  org.hibernate.dialect.function.TemplateRenderer - HHH000174: Function template anticipated 2 arguments, but 3 arguments encountered
2020-06-24 23:41:24.352 [restartedMain] WARN  org.hibernate.dialect.function.TemplateRenderer - HHH000174: Function template anticipated 2 arguments, but 3 arguments encountered
2020-06-24 23:41:24.353 [restartedMain] WARN  org.hibernate.dialect.function.TemplateRenderer - HHH000174: Function template anticipated 2 arguments, but 3 arguments encountered
2020-06-24 23:41:24.353 [restartedMain] WARN  org.hibernate.dialect.function.TemplateRenderer - HHH000174: Function template anticipated 2 arguments, but 3 arguments encountered
2020-06-24 23:41:24.353 [restartedMain] WARN  org.hibernate.dialect.function.TemplateRenderer - HHH000174: Function template anticipated 2 arguments, but 3 arguments encountered
2020-06-24 23:41:24.353 [restartedMain] WARN  org.hibernate.dialect.function.TemplateRenderer - HHH000174: Function template anticipated 2 arguments, but 3 arguments encountered
2020-06-24 23:41:24.360 [restartedMain] WARN  org.hibernate.dialect.function.TemplateRenderer - HHH000174: Function template anticipated 2 arguments, but 3 arguments encountered
2020-06-24 23:41:24.360 [restartedMain] WARN  org.hibernate.dialect.function.TemplateRenderer - HHH000174: Function template anticipated 2 arguments, but 3 arguments encountered
2020-06-24 23:41:24.372 [restartedMain] WARN  org.hibernate.dialect.function.TemplateRenderer - HHH000174: Function template anticipated 2 arguments, but 3 arguments encountered
2020-06-24 23:41:24.373 [restartedMain] WARN  org.hibernate.dialect.function.TemplateRenderer - HHH000174: Function template anticipated 2 arguments, but 3 arguments encountered
2020-06-24 23:41:24.373 [restartedMain] WARN  org.hibernate.dialect.function.TemplateRenderer - HHH000174: Function template anticipated 2 arguments, but 3 arguments encountered
2020-06-24 23:41:24.373 [restartedMain] WARN  org.hibernate.dialect.function.TemplateRenderer - HHH000174: Function template anticipated 2 arguments, but 3 arguments encountered
2020-06-24 23:41:24.373 [restartedMain] WARN  org.hibernate.dialect.function.TemplateRenderer - HHH000174: Function template anticipated 2 arguments, but 3 arguments encountered
2020-06-24 23:41:24.373 [restartedMain] WARN  org.hibernate.dialect.function.TemplateRenderer - HHH000174: Function template anticipated 2 arguments, but 3 arguments encountered
2020-06-24 23:41:24.378 [restartedMain] WARN  org.hibernate.dialect.function.TemplateRenderer - HHH000174: Function template anticipated 2 arguments, but 3 arguments encountered
2020-06-24 23:41:24.378 [restartedMain] WARN  org.hibernate.dialect.function.TemplateRenderer - HHH000174: Function template anticipated 2 arguments, but 3 arguments encountered
2020-06-24 23:41:24.379 [restartedMain] WARN  org.hibernate.dialect.function.TemplateRenderer - HHH000174: Function template anticipated 2 arguments, but 3 arguments encountered
2020-06-24 23:41:24.379 [restartedMain] WARN  org.hibernate.dialect.function.TemplateRenderer - HHH000174: Function template anticipated 2 arguments, but 3 arguments encountered
2020-06-24 23:41:24.384 [restartedMain] WARN  org.hibernate.dialect.function.TemplateRenderer - HHH000174: Function template anticipated 2 arguments, but 3 arguments encountered
2020-06-24 23:41:24.385 [restartedMain] WARN  org.hibernate.dialect.function.TemplateRenderer - HHH000174: Function template anticipated 2 arguments, but 3 arguments encountered
2020-06-24 23:41:24.385 [restartedMain] WARN  org.hibernate.dialect.function.TemplateRenderer - HHH000174: Function template anticipated 2 arguments, but 3 arguments encountered
2020-06-24 23:41:24.385 [restartedMain] WARN  org.hibernate.dialect.function.TemplateRenderer - HHH000174: Function template anticipated 2 arguments, but 3 arguments encountered
2020-06-24 23:41:24.398 [restartedMain] WARN  org.hibernate.dialect.function.TemplateRenderer - HHH000174: Function template anticipated 2 arguments, but 3 arguments encountered
2020-06-24 23:41:24.398 [restartedMain] WARN  org.hibernate.dialect.function.TemplateRenderer - HHH000174: Function template anticipated 2 arguments, but 3 arguments encountered
2020-06-24 23:41:24.398 [restartedMain] WARN  org.hibernate.dialect.function.TemplateRenderer - HHH000174: Function template anticipated 2 arguments, but 3 arguments encountered
2020-06-24 23:41:24.398 [restartedMain] WARN  org.hibernate.dialect.function.TemplateRenderer - HHH000174: Function template anticipated 2 arguments, but 3 arguments encountered
2020-06-24 23:41:24.399 [restartedMain] WARN  org.hibernate.dialect.function.TemplateRenderer - HHH000174: Function template anticipated 2 arguments, but 3 arguments encountered
2020-06-24 23:41:24.399 [restartedMain] WARN  org.hibernate.dialect.function.TemplateRenderer - HHH000174: Function template anticipated 2 arguments, but 3 arguments encountered
2020-06-24 23:41:24.399 [restartedMain] WARN  org.hibernate.dialect.function.TemplateRenderer - HHH000174: Function template anticipated 2 arguments, but 3 arguments encountered
2020-06-24 23:41:24.399 [restartedMain] WARN  org.hibernate.dialect.function.TemplateRenderer - HHH000174: Function template anticipated 2 arguments, but 3 arguments encountered
2020-06-24 23:41:24.399 [restartedMain] WARN  org.hibernate.dialect.function.TemplateRenderer - HHH000174: Function template anticipated 2 arguments, but 3 arguments encountered
2020-06-24 23:41:24.406 [restartedMain] WARN  org.hibernate.dialect.function.TemplateRenderer - HHH000174: Function template anticipated 2 arguments, but 3 arguments encountered
2020-06-24 23:41:24.407 [restartedMain] WARN  org.hibernate.dialect.function.TemplateRenderer - HHH000174: Function template anticipated 2 arguments, but 3 arguments encountered
2020-06-24 23:41:24.407 [restartedMain] WARN  org.hibernate.dialect.function.TemplateRenderer - HHH000174: Function template anticipated 2 arguments, but 3 arguments encountered
2020-06-24 23:41:24.411 [restartedMain] WARN  org.hibernate.dialect.function.TemplateRenderer - HHH000174: Function template anticipated 2 arguments, but 3 arguments encountered
2020-06-24 23:41:24.411 [restartedMain] WARN  org.hibernate.dialect.function.TemplateRenderer - HHH000174: Function template anticipated 2 arguments, but 3 arguments encountered
2020-06-24 23:41:24.412 [restartedMain] WARN  org.hibernate.dialect.function.TemplateRenderer - HHH000174: Function template anticipated 2 arguments, but 3 arguments encountered
2020-06-24 23:41:24.412 [restartedMain] WARN  org.hibernate.dialect.function.TemplateRenderer - HHH000174: Function template anticipated 2 arguments, but 3 arguments encountered
2020-06-24 23:41:24.412 [restartedMain] WARN  org.hibernate.dialect.function.TemplateRenderer - HHH000174: Function template anticipated 2 arguments, but 3 arguments encountered
2020-06-24 23:41:24.412 [restartedMain] WARN  org.hibernate.dialect.function.TemplateRenderer - HHH000174: Function template anticipated 2 arguments, but 3 arguments encountered
2020-06-24 23:41:24.415 [restartedMain] WARN  org.hibernate.dialect.function.TemplateRenderer - HHH000174: Function template anticipated 2 arguments, but 3 arguments encountered
2020-06-24 23:41:24.415 [restartedMain] WARN  org.hibernate.dialect.function.TemplateRenderer - HHH000174: Function template anticipated 2 arguments, but 3 arguments encountered
2020-06-24 23:41:24.503 [restartedMain] WARN  org.hibernate.dialect.function.TemplateRenderer - HHH000174: Function template anticipated 2 arguments, but 3 arguments encountered
2020-06-24 23:41:24.503 [restartedMain] WARN  org.hibernate.dialect.function.TemplateRenderer - HHH000174: Function template anticipated 2 arguments, but 3 arguments encountered
2020-06-24 23:41:24.938 [restartedMain] WARN  o.s.b.a.o.j.JpaBaseConfiguration$JpaWebConfiguration$JpaWebMvcConfiguration - spring.jpa.open-in-view is enabled by default. Therefore, database queries may be performed during view rendering. Explicitly configure spring.jpa.open-in-view to disable this warning
2020-06-24 23:42:37.904 [http-nio-1978-exec-1] WARN  o.s.w.s.m.m.a.ExceptionHandlerExceptionResolver - Resolved [java.lang.ArrayIndexOutOfBoundsException: 19978]
2020-06-24 23:43:36.222 [http-nio-1978-exec-3] WARN  o.s.w.s.m.m.a.ExceptionHandlerExceptionResolver - Resolved [java.lang.ArrayIndexOutOfBoundsException: 19978]
2020-06-24 23:43:50.275 [http-nio-1978-exec-4] WARN  o.s.w.s.m.m.a.ExceptionHandlerExceptionResolver - Resolved [java.lang.ArrayIndexOutOfBoundsException: 19978]
2020-06-24 23:46:14.496 [http-nio-1978-exec-7] WARN  o.s.w.s.m.m.a.ExceptionHandlerExceptionResolver - Resolved [java.lang.ArrayIndexOutOfBoundsException: 19978]
2020-06-24 23:46:49.097 [http-nio-1978-exec-8] WARN  o.s.w.s.m.m.a.ExceptionHandlerExceptionResolver - Resolved [java.lang.ArrayIndexOutOfBoundsException: 19978]
2020-06-24 23:47:36.613 [http-nio-1978-exec-9] WARN  o.s.w.s.m.m.a.ExceptionHandlerExceptionResolver - Resolved [java.lang.ArrayIndexOutOfBoundsException: 19978]
2020-06-24 23:49:37.731 [http-nio-1978-exec-10] WARN  o.s.w.s.m.m.a.ExceptionHandlerExceptionResolver - Resolved [java.lang.ArrayIndexOutOfBoundsException: 19978]
2020-06-24 23:50:05.555 [restartedMain] WARN  org.hibernate.dialect.function.TemplateRenderer - HHH000174: Function template anticipated 2 arguments, but 3 arguments encountered
2020-06-24 23:50:05.556 [restartedMain] WARN  org.hibernate.dialect.function.TemplateRenderer - HHH000174: Function template anticipated 2 arguments, but 3 arguments encountered
2020-06-24 23:50:05.577 [restartedMain] WARN  org.hibernate.dialect.function.TemplateRenderer - HHH000174: Function template anticipated 2 arguments, but 3 arguments encountered
2020-06-24 23:50:05.577 [restartedMain] WARN  org.hibernate.dialect.function.TemplateRenderer - HHH000174: Function template anticipated 2 arguments, but 3 arguments encountered
2020-06-24 23:50:05.748 [restartedMain] WARN  org.hibernate.dialect.function.TemplateRenderer - HHH000174: Function template anticipated 2 arguments, but 3 arguments encountered
2020-06-24 23:50:05.748 [restartedMain] WARN  org.hibernate.dialect.function.TemplateRenderer - HHH000174: Function template anticipated 2 arguments, but 3 arguments encountered
2020-06-24 23:50:05.749 [restartedMain] WARN  org.hibernate.dialect.function.TemplateRenderer - HHH000174: Function template anticipated 2 arguments, but 3 arguments encountered
2020-06-24 23:50:05.749 [restartedMain] WARN  org.hibernate.dialect.function.TemplateRenderer - HHH000174: Function template anticipated 2 arguments, but 3 arguments encountered
2020-06-24 23:50:05.749 [restartedMain] WARN  org.hibernate.dialect.function.TemplateRenderer - HHH000174: Function template anticipated 2 arguments, but 3 arguments encountered
2020-06-24 23:50:05.749 [restartedMain] WARN  org.hibernate.dialect.function.TemplateRenderer - HHH000174: Function template anticipated 2 arguments, but 3 arguments encountered
2020-06-24 23:50:05.749 [restartedMain] WARN  org.hibernate.dialect.function.TemplateRenderer - HHH000174: Function template anticipated 2 arguments, but 3 arguments encountered
2020-06-24 23:50:05.750 [restartedMain] WARN  org.hibernate.dialect.function.TemplateRenderer - HHH000174: Function template anticipated 2 arguments, but 3 arguments encountered
2020-06-24 23:50:05.750 [restartedMain] WARN  org.hibernate.dialect.function.TemplateRenderer - HHH000174: Function template anticipated 2 arguments, but 3 arguments encountered
2020-06-24 23:50:05.758 [restartedMain] WARN  org.hibernate.dialect.function.TemplateRenderer - HHH000174: Function template anticipated 2 arguments, but 3 arguments encountered
2020-06-24 23:50:05.758 [restartedMain] WARN  org.hibernate.dialect.function.TemplateRenderer - HHH000174: Function template anticipated 2 arguments, but 3 arguments encountered
2020-06-24 23:50:05.769 [restartedMain] WARN  org.hibernate.dialect.function.TemplateRenderer - HHH000174: Function template anticipated 2 arguments, but 3 arguments encountered
2020-06-24 23:50:05.769 [restartedMain] WARN  org.hibernate.dialect.function.TemplateRenderer - HHH000174: Function template anticipated 2 arguments, but 3 arguments encountered
2020-06-24 23:50:05.769 [restartedMain] WARN  org.hibernate.dialect.function.TemplateRenderer - HHH000174: Function template anticipated 2 arguments, but 3 arguments encountered
2020-06-24 23:50:05.769 [restartedMain] WARN  org.hibernate.dialect.function.TemplateRenderer - HHH000174: Function template anticipated 2 arguments, but 3 arguments encountered
2020-06-24 23:50:05.769 [restartedMain] WARN  org.hibernate.dialect.function.TemplateRenderer - HHH000174: Function template anticipated 2 arguments, but 3 arguments encountered
2020-06-24 23:50:05.770 [restartedMain] WARN  org.hibernate.dialect.function.TemplateRenderer - HHH000174: Function template anticipated 2 arguments, but 3 arguments encountered
2020-06-24 23:50:05.774 [restartedMain] WARN  org.hibernate.dialect.function.TemplateRenderer - HHH000174: Function template anticipated 2 arguments, but 3 arguments encountered
2020-06-24 23:50:05.774 [restartedMain] WARN  org.hibernate.dialect.function.TemplateRenderer - HHH000174: Function template anticipated 2 arguments, but 3 arguments encountered
2020-06-24 23:50:05.775 [restartedMain] WARN  org.hibernate.dialect.function.TemplateRenderer - HHH000174: Function template anticipated 2 arguments, but 3 arguments encountered
2020-06-24 23:50:05.775 [restartedMain] WARN  org.hibernate.dialect.function.TemplateRenderer - HHH000174: Function template anticipated 2 arguments, but 3 arguments encountered
2020-06-24 23:50:05.789 [restartedMain] WARN  org.hibernate.dialect.function.TemplateRenderer - HHH000174: Function template anticipated 2 arguments, but 3 arguments encountered
2020-06-24 23:50:05.789 [restartedMain] WARN  org.hibernate.dialect.function.TemplateRenderer - HHH000174: Function template anticipated 2 arguments, but 3 arguments encountered
2020-06-24 23:50:05.790 [restartedMain] WARN  org.hibernate.dialect.function.TemplateRenderer - HHH000174: Function template anticipated 2 arguments, but 3 arguments encountered
2020-06-24 23:50:05.790 [restartedMain] WARN  org.hibernate.dialect.function.TemplateRenderer - HHH000174: Function template anticipated 2 arguments, but 3 arguments encountered
2020-06-24 23:50:05.790 [restartedMain] WARN  org.hibernate.dialect.function.TemplateRenderer - HHH000174: Function template anticipated 2 arguments, but 3 arguments encountered
2020-06-24 23:50:05.790 [restartedMain] WARN  org.hibernate.dialect.function.TemplateRenderer - HHH000174: Function template anticipated 2 arguments, but 3 arguments encountered
2020-06-24 23:50:05.790 [restartedMain] WARN  org.hibernate.dialect.function.TemplateRenderer - HHH000174: Function template anticipated 2 arguments, but 3 arguments encountered
2020-06-24 23:50:05.791 [restartedMain] WARN  org.hibernate.dialect.function.TemplateRenderer - HHH000174: Function template anticipated 2 arguments, but 3 arguments encountered
2020-06-24 23:50:05.791 [restartedMain] WARN  org.hibernate.dialect.function.TemplateRenderer - HHH000174: Function template anticipated 2 arguments, but 3 arguments encountered
2020-06-24 23:50:05.797 [restartedMain] WARN  org.hibernate.dialect.function.TemplateRenderer - HHH000174: Function template anticipated 2 arguments, but 3 arguments encountered
2020-06-24 23:50:05.797 [restartedMain] WARN  org.hibernate.dialect.function.TemplateRenderer - HHH000174: Function template anticipated 2 arguments, but 3 arguments encountered
2020-06-24 23:50:05.798 [restartedMain] WARN  org.hibernate.dialect.function.TemplateRenderer - HHH000174: Function template anticipated 2 arguments, but 3 arguments encountered
2020-06-24 23:50:05.798 [restartedMain] WARN  org.hibernate.dialect.function.TemplateRenderer - HHH000174: Function template anticipated 2 arguments, but 3 arguments encountered
2020-06-24 23:50:05.806 [restartedMain] WARN  org.hibernate.dialect.function.TemplateRenderer - HHH000174: Function template anticipated 2 arguments, but 3 arguments encountered
2020-06-24 23:50:05.807 [restartedMain] WARN  org.hibernate.dialect.function.TemplateRenderer - HHH000174: Function template anticipated 2 arguments, but 3 arguments encountered
2020-06-24 23:50:05.807 [restartedMain] WARN  org.hibernate.dialect.function.TemplateRenderer - HHH000174: Function template anticipated 2 arguments, but 3 arguments encountered
2020-06-24 23:50:05.813 [restartedMain] WARN  org.hibernate.dialect.function.TemplateRenderer - HHH000174: Function template anticipated 2 arguments, but 3 arguments encountered
2020-06-24 23:50:05.813 [restartedMain] WARN  org.hibernate.dialect.function.TemplateRenderer - HHH000174: Function template anticipated 2 arguments, but 3 arguments encountered
2020-06-24 23:50:05.814 [restartedMain] WARN  org.hibernate.dialect.function.TemplateRenderer - HHH000174: Function template anticipated 2 arguments, but 3 arguments encountered
2020-06-24 23:50:05.814 [restartedMain] WARN  org.hibernate.dialect.function.TemplateRenderer - HHH000174: Function template anticipated 2 arguments, but 3 arguments encountered
2020-06-24 23:50:05.814 [restartedMain] WARN  org.hibernate.dialect.function.TemplateRenderer - HHH000174: Function template anticipated 2 arguments, but 3 arguments encountered
2020-06-24 23:50:05.814 [restartedMain] WARN  org.hibernate.dialect.function.TemplateRenderer - HHH000174: Function template anticipated 2 arguments, but 3 arguments encountered
2020-06-24 23:50:05.818 [restartedMain] WARN  org.hibernate.dialect.function.TemplateRenderer - HHH000174: Function template anticipated 2 arguments, but 3 arguments encountered
2020-06-24 23:50:05.819 [restartedMain] WARN  org.hibernate.dialect.function.TemplateRenderer - HHH000174: Function template anticipated 2 arguments, but 3 arguments encountered
2020-06-24 23:50:05.928 [restartedMain] WARN  org.hibernate.dialect.function.TemplateRenderer - HHH000174: Function template anticipated 2 arguments, but 3 arguments encountered
2020-06-24 23:50:05.929 [restartedMain] WARN  org.hibernate.dialect.function.TemplateRenderer - HHH000174: Function template anticipated 2 arguments, but 3 arguments encountered
2020-06-24 23:50:06.370 [restartedMain] WARN  o.s.b.a.o.j.JpaBaseConfiguration$JpaWebConfiguration$JpaWebMvcConfiguration - spring.jpa.open-in-view is enabled by default. Therefore, database queries may be performed during view rendering. Explicitly configure spring.jpa.open-in-view to disable this warning
2020-06-24 23:50:49.721 [http-nio-1978-exec-3] WARN  o.s.w.s.m.m.a.ExceptionHandlerExceptionResolver - Resolved [org.springframework.web.HttpRequestMethodNotSupportedException: Request method 'PATCH' not supported]
2020-06-24 23:52:20.642 [http-nio-1978-exec-5] WARN  org.hibernate.engine.jdbc.spi.SqlExceptionHelper - SQL Error: 544, SQLState: S0001
2020-06-24 23:52:20.671 [http-nio-1978-exec-5] WARN  o.s.w.s.m.m.a.ExceptionHandlerExceptionResolver - Resolved [org.springframework.dao.InvalidDataAccessResourceUsageException: could not execute statement; SQL [n/a]; nested exception is org.hibernate.exception.SQLGrammarException: could not execute statement]
2020-06-24 23:56:43.448 [restartedMain] WARN  org.hibernate.dialect.function.TemplateRenderer - HHH000174: Function template anticipated 2 arguments, but 3 arguments encountered
2020-06-24 23:56:43.449 [restartedMain] WARN  org.hibernate.dialect.function.TemplateRenderer - HHH000174: Function template anticipated 2 arguments, but 3 arguments encountered
2020-06-24 23:56:43.469 [restartedMain] WARN  org.hibernate.dialect.function.TemplateRenderer - HHH000174: Function template anticipated 2 arguments, but 3 arguments encountered
2020-06-24 23:56:43.469 [restartedMain] WARN  org.hibernate.dialect.function.TemplateRenderer - HHH000174: Function template anticipated 2 arguments, but 3 arguments encountered
2020-06-24 23:56:43.599 [restartedMain] WARN  org.hibernate.dialect.function.TemplateRenderer - HHH000174: Function template anticipated 2 arguments, but 3 arguments encountered
2020-06-24 23:56:43.599 [restartedMain] WARN  org.hibernate.dialect.function.TemplateRenderer - HHH000174: Function template anticipated 2 arguments, but 3 arguments encountered
2020-06-24 23:56:43.600 [restartedMain] WARN  org.hibernate.dialect.function.TemplateRenderer - HHH000174: Function template anticipated 2 arguments, but 3 arguments encountered
2020-06-24 23:56:43.600 [restartedMain] WARN  org.hibernate.dialect.function.TemplateRenderer - HHH000174: Function template anticipated 2 arguments, but 3 arguments encountered
2020-06-24 23:56:43.600 [restartedMain] WARN  org.hibernate.dialect.function.TemplateRenderer - HHH000174: Function template anticipated 2 arguments, but 3 arguments encountered
2020-06-24 23:56:43.600 [restartedMain] WARN  org.hibernate.dialect.function.TemplateRenderer - HHH000174: Function template anticipated 2 arguments, but 3 arguments encountered
2020-06-24 23:56:43.600 [restartedMain] WARN  org.hibernate.dialect.function.TemplateRenderer - HHH000174: Function template anticipated 2 arguments, but 3 arguments encountered
2020-06-24 23:56:43.600 [restartedMain] WARN  org.hibernate.dialect.function.TemplateRenderer - HHH000174: Function template anticipated 2 arguments, but 3 arguments encountered
2020-06-24 23:56:43.601 [restartedMain] WARN  org.hibernate.dialect.function.TemplateRenderer - HHH000174: Function template anticipated 2 arguments, but 3 arguments encountered
2020-06-24 23:56:43.606 [restartedMain] WARN  org.hibernate.dialect.function.TemplateRenderer - HHH000174: Function template anticipated 2 arguments, but 3 arguments encountered
2020-06-24 23:56:43.606 [restartedMain] WARN  org.hibernate.dialect.function.TemplateRenderer - HHH000174: Function template anticipated 2 arguments, but 3 arguments encountered
2020-06-24 23:56:43.612 [restartedMain] WARN  org.hibernate.dialect.function.TemplateRenderer - HHH000174: Function template anticipated 2 arguments, but 3 arguments encountered
2020-06-24 23:56:43.612 [restartedMain] WARN  org.hibernate.dialect.function.TemplateRenderer - HHH000174: Function template anticipated 2 arguments, but 3 arguments encountered
2020-06-24 23:56:43.612 [restartedMain] WARN  org.hibernate.dialect.function.TemplateRenderer - HHH000174: Function template anticipated 2 arguments, but 3 arguments encountered
2020-06-24 23:56:43.612 [restartedMain] WARN  org.hibernate.dialect.function.TemplateRenderer - HHH000174: Function template anticipated 2 arguments, but 3 arguments encountered
2020-06-24 23:56:43.613 [restartedMain] WARN  org.hibernate.dialect.function.TemplateRenderer - HHH000174: Function template anticipated 2 arguments, but 3 arguments encountered
2020-06-24 23:56:43.613 [restartedMain] WARN  org.hibernate.dialect.function.TemplateRenderer - HHH000174: Function template anticipated 2 arguments, but 3 arguments encountered
2020-06-24 23:56:43.622 [restartedMain] WARN  org.hibernate.dialect.function.TemplateRenderer - HHH000174: Function template anticipated 2 arguments, but 3 arguments encountered
2020-06-24 23:56:43.623 [restartedMain] WARN  org.hibernate.dialect.function.TemplateRenderer - HHH000174: Function template anticipated 2 arguments, but 3 arguments encountered
2020-06-24 23:56:43.623 [restartedMain] WARN  org.hibernate.dialect.function.TemplateRenderer - HHH000174: Function template anticipated 2 arguments, but 3 arguments encountered
2020-06-24 23:56:43.623 [restartedMain] WARN  org.hibernate.dialect.function.TemplateRenderer - HHH000174: Function template anticipated 2 arguments, but 3 arguments encountered
2020-06-24 23:56:43.636 [restartedMain] WARN  org.hibernate.dialect.function.TemplateRenderer - HHH000174: Function template anticipated 2 arguments, but 3 arguments encountered
2020-06-24 23:56:43.637 [restartedMain] WARN  org.hibernate.dialect.function.TemplateRenderer - HHH000174: Function template anticipated 2 arguments, but 3 arguments encountered
2020-06-24 23:56:43.637 [restartedMain] WARN  org.hibernate.dialect.function.TemplateRenderer - HHH000174: Function template anticipated 2 arguments, but 3 arguments encountered
2020-06-24 23:56:43.637 [restartedMain] WARN  org.hibernate.dialect.function.TemplateRenderer - HHH000174: Function template anticipated 2 arguments, but 3 arguments encountered
2020-06-24 23:56:43.637 [restartedMain] WARN  org.hibernate.dialect.function.TemplateRenderer - HHH000174: Function template anticipated 2 arguments, but 3 arguments encountered
2020-06-24 23:56:43.637 [restartedMain] WARN  org.hibernate.dialect.function.TemplateRenderer - HHH000174: Function template anticipated 2 arguments, but 3 arguments encountered
2020-06-24 23:56:43.637 [restartedMain] WARN  org.hibernate.dialect.function.TemplateRenderer - HHH000174: Function template anticipated 2 arguments, but 3 arguments encountered
2020-06-24 23:56:43.638 [restartedMain] WARN  org.hibernate.dialect.function.TemplateRenderer - HHH000174: Function template anticipated 2 arguments, but 3 arguments encountered
2020-06-24 23:56:43.638 [restartedMain] WARN  org.hibernate.dialect.function.TemplateRenderer - HHH000174: Function template anticipated 2 arguments, but 3 arguments encountered
2020-06-24 23:56:43.641 [restartedMain] WARN  org.hibernate.dialect.function.TemplateRenderer - HHH000174: Function template anticipated 2 arguments, but 3 arguments encountered
2020-06-24 23:56:43.642 [restartedMain] WARN  org.hibernate.dialect.function.TemplateRenderer - HHH000174: Function template anticipated 2 arguments, but 3 arguments encountered
2020-06-24 23:56:43.642 [restartedMain] WARN  org.hibernate.dialect.function.TemplateRenderer - HHH000174: Function template anticipated 2 arguments, but 3 arguments encountered
2020-06-24 23:56:43.642 [restartedMain] WARN  org.hibernate.dialect.function.TemplateRenderer - HHH000174: Function template anticipated 2 arguments, but 3 arguments encountered
2020-06-24 23:56:43.648 [restartedMain] WARN  org.hibernate.dialect.function.TemplateRenderer - HHH000174: Function template anticipated 2 arguments, but 3 arguments encountered
2020-06-24 23:56:43.648 [restartedMain] WARN  org.hibernate.dialect.function.TemplateRenderer - HHH000174: Function template anticipated 2 arguments, but 3 arguments encountered
2020-06-24 23:56:43.648 [restartedMain] WARN  org.hibernate.dialect.function.TemplateRenderer - HHH000174: Function template anticipated 2 arguments, but 3 arguments encountered
2020-06-24 23:56:43.648 [restartedMain] WARN  org.hibernate.dialect.function.TemplateRenderer - HHH000174: Function template anticipated 2 arguments, but 3 arguments encountered
2020-06-24 23:56:43.648 [restartedMain] WARN  org.hibernate.dialect.function.TemplateRenderer - HHH000174: Function template anticipated 2 arguments, but 3 arguments encountered
2020-06-24 23:56:43.649 [restartedMain] WARN  org.hibernate.dialect.function.TemplateRenderer - HHH000174: Function template anticipated 2 arguments, but 3 arguments encountered
2020-06-24 23:56:43.652 [restartedMain] WARN  org.hibernate.dialect.function.TemplateRenderer - HHH000174: Function template anticipated 2 arguments, but 3 arguments encountered
2020-06-24 23:56:43.653 [restartedMain] WARN  org.hibernate.dialect.function.TemplateRenderer - HHH000174: Function template anticipated 2 arguments, but 3 arguments encountered
2020-06-24 23:56:43.653 [restartedMain] WARN  org.hibernate.dialect.function.TemplateRenderer - HHH000174: Function template anticipated 2 arguments, but 3 arguments encountered
2020-06-24 23:56:43.656 [restartedMain] WARN  org.hibernate.dialect.function.TemplateRenderer - HHH000174: Function template anticipated 2 arguments, but 3 arguments encountered
2020-06-24 23:56:43.656 [restartedMain] WARN  org.hibernate.dialect.function.TemplateRenderer - HHH000174: Function template anticipated 2 arguments, but 3 arguments encountered
2020-06-24 23:56:43.726 [restartedMain] WARN  org.hibernate.dialect.function.TemplateRenderer - HHH000174: Function template anticipated 2 arguments, but 3 arguments encountered
2020-06-24 23:56:43.727 [restartedMain] WARN  org.hibernate.dialect.function.TemplateRenderer - HHH000174: Function template anticipated 2 arguments, but 3 arguments encountered
2020-06-24 23:56:44.099 [restartedMain] WARN  o.s.b.a.o.j.JpaBaseConfiguration$JpaWebConfiguration$JpaWebMvcConfiguration - spring.jpa.open-in-view is enabled by default. Therefore, database queries may be performed during view rendering. Explicitly configure spring.jpa.open-in-view to disable this warning
2020-06-24 23:58:11.700 [restartedMain] WARN  org.hibernate.dialect.function.TemplateRenderer - HHH000174: Function template anticipated 2 arguments, but 3 arguments encountered
2020-06-24 23:58:11.701 [restartedMain] WARN  org.hibernate.dialect.function.TemplateRenderer - HHH000174: Function template anticipated 2 arguments, but 3 arguments encountered
2020-06-24 23:58:11.727 [restartedMain] WARN  org.hibernate.dialect.function.TemplateRenderer - HHH000174: Function template anticipated 2 arguments, but 3 arguments encountered
2020-06-24 23:58:11.728 [restartedMain] WARN  org.hibernate.dialect.function.TemplateRenderer - HHH000174: Function template anticipated 2 arguments, but 3 arguments encountered
2020-06-24 23:58:11.926 [restartedMain] WARN  org.hibernate.dialect.function.TemplateRenderer - HHH000174: Function template anticipated 2 arguments, but 3 arguments encountered
2020-06-24 23:58:11.926 [restartedMain] WARN  org.hibernate.dialect.function.TemplateRenderer - HHH000174: Function template anticipated 2 arguments, but 3 arguments encountered
2020-06-24 23:58:11.926 [restartedMain] WARN  org.hibernate.dialect.function.TemplateRenderer - HHH000174: Function template anticipated 2 arguments, but 3 arguments encountered
2020-06-24 23:58:11.927 [restartedMain] WARN  org.hibernate.dialect.function.TemplateRenderer - HHH000174: Function template anticipated 2 arguments, but 3 arguments encountered
2020-06-24 23:58:11.927 [restartedMain] WARN  org.hibernate.dialect.function.TemplateRenderer - HHH000174: Function template anticipated 2 arguments, but 3 arguments encountered
2020-06-24 23:58:11.928 [restartedMain] WARN  org.hibernate.dialect.function.TemplateRenderer - HHH000174: Function template anticipated 2 arguments, but 3 arguments encountered
2020-06-24 23:58:11.928 [restartedMain] WARN  org.hibernate.dialect.function.TemplateRenderer - HHH000174: Function template anticipated 2 arguments, but 3 arguments encountered
2020-06-24 23:58:11.928 [restartedMain] WARN  org.hibernate.dialect.function.TemplateRenderer - HHH000174: Function template anticipated 2 arguments, but 3 arguments encountered
2020-06-24 23:58:11.928 [restartedMain] WARN  org.hibernate.dialect.function.TemplateRenderer - HHH000174: Function template anticipated 2 arguments, but 3 arguments encountered
2020-06-24 23:58:11.936 [restartedMain] WARN  org.hibernate.dialect.function.TemplateRenderer - HHH000174: Function template anticipated 2 arguments, but 3 arguments encountered
2020-06-24 23:58:11.936 [restartedMain] WARN  org.hibernate.dialect.function.TemplateRenderer - HHH000174: Function template anticipated 2 arguments, but 3 arguments encountered
2020-06-24 23:58:11.949 [restartedMain] WARN  org.hibernate.dialect.function.TemplateRenderer - HHH000174: Function template anticipated 2 arguments, but 3 arguments encountered
2020-06-24 23:58:11.950 [restartedMain] WARN  org.hibernate.dialect.function.TemplateRenderer - HHH000174: Function template anticipated 2 arguments, but 3 arguments encountered
2020-06-24 23:58:11.950 [restartedMain] WARN  org.hibernate.dialect.function.TemplateRenderer - HHH000174: Function template anticipated 2 arguments, but 3 arguments encountered
2020-06-24 23:58:11.950 [restartedMain] WARN  org.hibernate.dialect.function.TemplateRenderer - HHH000174: Function template anticipated 2 arguments, but 3 arguments encountered
2020-06-24 23:58:11.950 [restartedMain] WARN  org.hibernate.dialect.function.TemplateRenderer - HHH000174: Function template anticipated 2 arguments, but 3 arguments encountered
2020-06-24 23:58:11.950 [restartedMain] WARN  org.hibernate.dialect.function.TemplateRenderer - HHH000174: Function template anticipated 2 arguments, but 3 arguments encountered
2020-06-24 23:58:11.955 [restartedMain] WARN  org.hibernate.dialect.function.TemplateRenderer - HHH000174: Function template anticipated 2 arguments, but 3 arguments encountered
2020-06-24 23:58:11.956 [restartedMain] WARN  org.hibernate.dialect.function.TemplateRenderer - HHH000174: Function template anticipated 2 arguments, but 3 arguments encountered
2020-06-24 23:58:11.956 [restartedMain] WARN  org.hibernate.dialect.function.TemplateRenderer - HHH000174: Function template anticipated 2 arguments, but 3 arguments encountered
2020-06-24 23:58:11.956 [restartedMain] WARN  org.hibernate.dialect.function.TemplateRenderer - HHH000174: Function template anticipated 2 arguments, but 3 arguments encountered
2020-06-24 23:58:11.963 [restartedMain] WARN  org.hibernate.dialect.function.TemplateRenderer - HHH000174: Function template anticipated 2 arguments, but 3 arguments encountered
2020-06-24 23:58:11.964 [restartedMain] WARN  org.hibernate.dialect.function.TemplateRenderer - HHH000174: Function template anticipated 2 arguments, but 3 arguments encountered
2020-06-24 23:58:11.964 [restartedMain] WARN  org.hibernate.dialect.function.TemplateRenderer - HHH000174: Function template anticipated 2 arguments, but 3 arguments encountered
2020-06-24 23:58:11.964 [restartedMain] WARN  org.hibernate.dialect.function.TemplateRenderer - HHH000174: Function template anticipated 2 arguments, but 3 arguments encountered
2020-06-24 23:58:11.980 [restartedMain] WARN  org.hibernate.dialect.function.TemplateRenderer - HHH000174: Function template anticipated 2 arguments, but 3 arguments encountered
2020-06-24 23:58:11.980 [restartedMain] WARN  org.hibernate.dialect.function.TemplateRenderer - HHH000174: Function template anticipated 2 arguments, but 3 arguments encountered
2020-06-24 23:58:11.981 [restartedMain] WARN  org.hibernate.dialect.function.TemplateRenderer - HHH000174: Function template anticipated 2 arguments, but 3 arguments encountered
2020-06-24 23:58:11.981 [restartedMain] WARN  org.hibernate.dialect.function.TemplateRenderer - HHH000174: Function template anticipated 2 arguments, but 3 arguments encountered
2020-06-24 23:58:11.981 [restartedMain] WARN  org.hibernate.dialect.function.TemplateRenderer - HHH000174: Function template anticipated 2 arguments, but 3 arguments encountered
2020-06-24 23:58:11.982 [restartedMain] WARN  org.hibernate.dialect.function.TemplateRenderer - HHH000174: Function template anticipated 2 arguments, but 3 arguments encountered
2020-06-24 23:58:11.982 [restartedMain] WARN  org.hibernate.dialect.function.TemplateRenderer - HHH000174: Function template anticipated 2 arguments, but 3 arguments encountered
2020-06-24 23:58:11.982 [restartedMain] WARN  org.hibernate.dialect.function.TemplateRenderer - HHH000174: Function template anticipated 2 arguments, but 3 arguments encountered
2020-06-24 23:58:11.982 [restartedMain] WARN  org.hibernate.dialect.function.TemplateRenderer - HHH000174: Function template anticipated 2 arguments, but 3 arguments encountered
2020-06-24 23:58:11.991 [restartedMain] WARN  org.hibernate.dialect.function.TemplateRenderer - HHH000174: Function template anticipated 2 arguments, but 3 arguments encountered
2020-06-24 23:58:11.991 [restartedMain] WARN  org.hibernate.dialect.function.TemplateRenderer - HHH000174: Function template anticipated 2 arguments, but 3 arguments encountered
2020-06-24 23:58:11.991 [restartedMain] WARN  org.hibernate.dialect.function.TemplateRenderer - HHH000174: Function template anticipated 2 arguments, but 3 arguments encountered
2020-06-24 23:58:11.997 [restartedMain] WARN  org.hibernate.dialect.function.TemplateRenderer - HHH000174: Function template anticipated 2 arguments, but 3 arguments encountered
2020-06-24 23:58:11.997 [restartedMain] WARN  org.hibernate.dialect.function.TemplateRenderer - HHH000174: Function template anticipated 2 arguments, but 3 arguments encountered
2020-06-24 23:58:11.998 [restartedMain] WARN  org.hibernate.dialect.function.TemplateRenderer - HHH000174: Function template anticipated 2 arguments, but 3 arguments encountered
2020-06-24 23:58:11.998 [restartedMain] WARN  org.hibernate.dialect.function.TemplateRenderer - HHH000174: Function template anticipated 2 arguments, but 3 arguments encountered
2020-06-24 23:58:11.998 [restartedMain] WARN  org.hibernate.dialect.function.TemplateRenderer - HHH000174: Function template anticipated 2 arguments, but 3 arguments encountered
2020-06-24 23:58:11.998 [restartedMain] WARN  org.hibernate.dialect.function.TemplateRenderer - HHH000174: Function template anticipated 2 arguments, but 3 arguments encountered
2020-06-24 23:58:12.002 [restartedMain] WARN  org.hibernate.dialect.function.TemplateRenderer - HHH000174: Function template anticipated 2 arguments, but 3 arguments encountered
2020-06-24 23:58:12.002 [restartedMain] WARN  org.hibernate.dialect.function.TemplateRenderer - HHH000174: Function template anticipated 2 arguments, but 3 arguments encountered
2020-06-24 23:58:12.110 [restartedMain] WARN  org.hibernate.dialect.function.TemplateRenderer - HHH000174: Function template anticipated 2 arguments, but 3 arguments encountered
2020-06-24 23:58:12.110 [restartedMain] WARN  org.hibernate.dialect.function.TemplateRenderer - HHH000174: Function template anticipated 2 arguments, but 3 arguments encountered
2020-06-24 23:58:12.578 [restartedMain] WARN  o.s.b.a.o.j.JpaBaseConfiguration$JpaWebConfiguration$JpaWebMvcConfiguration - spring.jpa.open-in-view is enabled by default. Therefore, database queries may be performed during view rendering. Explicitly configure spring.jpa.open-in-view to disable this warning
2020-06-24 23:58:29.236 [http-nio-1978-exec-2] WARN  o.s.w.s.m.m.a.ExceptionHandlerExceptionResolver - Resolved [org.springframework.web.bind.MethodArgumentNotValidException: Validation failed for argument [1] in public void com.reason.gsny.api.GprsApi.updateUser(long,com.reason.gsny.entity.TableGprsEntity): [Field error in object 'tableGprsEntity' on field 'imei': rejected value [0]; codes [Min.tableGprsEntity.imei,Min.imei,Min.long,Min]; arguments [org.springframework.context.support.DefaultMessageSourceResolvable: codes [tableGprsEntity.imei,imei]; arguments []; default message [imei],1]; default message [最小不能小于1]] ]
