2020-06-25 00:22:31.991 [restartedMain] INFO  com.reason.gsny.Main - Starting Main on LAPTOP-BBG70CSE with PID 20076 (started by leon in D:\project\svn\甘肃农业灌溉\software\甘肃农业app\gsnyBoot)
2020-06-25 00:22:31.996 [restartedMain] INFO  com.reason.gsny.Main - The following profiles are active: dev
2020-06-25 00:22:32.048 [restartedMain] INFO  o.s.b.d.env.DevToolsPropertyDefaultsPostProcessor - Devtools property defaults active! Set 'spring.devtools.add-properties' to 'false' to disable
2020-06-25 00:22:32.048 [restartedMain] INFO  o.s.b.d.env.DevToolsPropertyDefaultsPostProcessor - For additional web related logging consider setting the 'logging.level.web' property to 'DEBUG'
2020-06-25 00:22:32.954 [restartedMain] INFO  o.s.d.r.config.RepositoryConfigurationDelegate - Bootstrapping Spring Data repositories in DEFAULT mode.
2020-06-25 00:22:33.044 [restartedMain] INFO  o.s.d.r.config.RepositoryConfigurationDelegate - Finished Spring Data repository scanning in 81ms. Found 11 repository interfaces.
2020-06-25 00:22:33.526 [restartedMain] INFO  o.s.c.s.PostProcessorRegistrationDelegate$BeanPostProcessorChecker - Bean 'org.springframework.transaction.annotation.ProxyTransactionManagementConfiguration' of type [org.springframework.transaction.annotation.ProxyTransactionManagementConfiguration$$EnhancerBySpringCGLIB$$9665212e] is not eligible for getting processed by all BeanPostProcessors (for example: not eligible for auto-proxying)
2020-06-25 00:22:33.562 [restartedMain] INFO  o.s.c.s.PostProcessorRegistrationDelegate$BeanPostProcessorChecker - Bean 'org.springframework.security.config.annotation.configuration.ObjectPostProcessorConfiguration' of type [org.springframework.security.config.annotation.configuration.ObjectPostProcessorConfiguration$$EnhancerBySpringCGLIB$$2f12e968] is not eligible for getting processed by all BeanPostProcessors (for example: not eligible for auto-proxying)
2020-06-25 00:22:33.567 [restartedMain] INFO  o.s.c.s.PostProcessorRegistrationDelegate$BeanPostProcessorChecker - Bean 'objectPostProcessor' of type [org.springframework.security.config.annotation.configuration.AutowireBeanFactoryObjectPostProcessor] is not eligible for getting processed by all BeanPostProcessors (for example: not eligible for auto-proxying)
2020-06-25 00:22:33.570 [restartedMain] INFO  o.s.c.s.PostProcessorRegistrationDelegate$BeanPostProcessorChecker - Bean 'org.springframework.security.access.expression.method.DefaultMethodSecurityExpressionHandler@7dba737d' of type [org.springframework.security.access.expression.method.DefaultMethodSecurityExpressionHandler] is not eligible for getting processed by all BeanPostProcessors (for example: not eligible for auto-proxying)
2020-06-25 00:22:33.571 [restartedMain] INFO  o.s.c.s.PostProcessorRegistrationDelegate$BeanPostProcessorChecker - Bean 'org.springframework.security.config.annotation.method.configuration.GlobalMethodSecurityConfiguration' of type [org.springframework.security.config.annotation.method.configuration.GlobalMethodSecurityConfiguration$$EnhancerBySpringCGLIB$$53e78c1a] is not eligible for getting processed by all BeanPostProcessors (for example: not eligible for auto-proxying)
2020-06-25 00:22:33.578 [restartedMain] INFO  o.s.c.s.PostProcessorRegistrationDelegate$BeanPostProcessorChecker - Bean 'org.springframework.security.config.annotation.method.configuration.Jsr250MetadataSourceConfiguration' of type [org.springframework.security.config.annotation.method.configuration.Jsr250MetadataSourceConfiguration$$EnhancerBySpringCGLIB$$793ca430] is not eligible for getting processed by all BeanPostProcessors (for example: not eligible for auto-proxying)
2020-06-25 00:22:33.580 [restartedMain] INFO  o.s.c.s.PostProcessorRegistrationDelegate$BeanPostProcessorChecker - Bean 'jsr250MethodSecurityMetadataSource' of type [org.springframework.security.access.annotation.Jsr250MethodSecurityMetadataSource] is not eligible for getting processed by all BeanPostProcessors (for example: not eligible for auto-proxying)
2020-06-25 00:22:33.581 [restartedMain] INFO  o.s.c.s.PostProcessorRegistrationDelegate$BeanPostProcessorChecker - Bean 'methodSecurityMetadataSource' of type [org.springframework.security.access.method.DelegatingMethodSecurityMetadataSource] is not eligible for getting processed by all BeanPostProcessors (for example: not eligible for auto-proxying)
2020-06-25 00:22:34.008 [restartedMain] INFO  o.s.boot.web.embedded.tomcat.TomcatWebServer - Tomcat initialized with port(s): 1978 (http)
2020-06-25 00:22:34.022 [restartedMain] INFO  org.apache.coyote.http11.Http11NioProtocol - Initializing ProtocolHandler ["http-nio-1978"]
2020-06-25 00:22:34.028 [restartedMain] INFO  org.apache.catalina.core.StandardService - Starting service [Tomcat]
2020-06-25 00:22:34.029 [restartedMain] INFO  org.apache.catalina.core.StandardEngine - Starting Servlet engine: [Apache Tomcat/9.0.21]
2020-06-25 00:22:34.133 [restartedMain] INFO  o.a.c.core.ContainerBase.[Tomcat].[localhost].[/] - Initializing Spring embedded WebApplicationContext
2020-06-25 00:22:34.133 [restartedMain] INFO  org.springframework.web.context.ContextLoader - Root WebApplicationContext: initialization completed in 2085 ms
2020-06-25 00:22:34.434 [restartedMain] INFO  com.alibaba.druid.pool.DruidDataSource - {dataSource-1} inited
2020-06-25 00:22:34.779 [restartedMain] INFO  org.hibernate.jpa.internal.util.LogHelper - HHH000204: Processing PersistenceUnitInfo [
	name: default
	...]
2020-06-25 00:22:34.859 [restartedMain] INFO  org.hibernate.Version - HHH000412: Hibernate Core {5.3.10.Final}
2020-06-25 00:22:34.860 [restartedMain] INFO  org.hibernate.cfg.Environment - HHH000206: hibernate.properties not found
2020-06-25 00:22:35.016 [restartedMain] INFO  org.hibernate.annotations.common.Version - HCANN000001: Hibernate Commons Annotations {5.0.4.Final}
2020-06-25 00:22:35.223 [restartedMain] INFO  org.hibernate.dialect.Dialect - HHH000400: Using dialect: org.hibernate.dialect.SQLServer2008Dialect
2020-06-25 00:22:39.804 [restartedMain] INFO  o.s.orm.jpa.LocalContainerEntityManagerFactoryBean - Initialized JPA EntityManagerFactory for persistence unit 'default'
2020-06-25 00:22:39.862 [restartedMain] INFO  o.s.b.d.autoconfigure.OptionalLiveReloadServer - LiveReload server is running on port 35729
2020-06-25 00:22:40.554 [restartedMain] INFO  o.h.hql.internal.QueryTranslatorFactoryInitiator - HHH000397: Using ASTQueryTranslatorFactory
2020-06-25 00:22:41.223 [restartedMain] INFO  o.s.security.web.DefaultSecurityFilterChain - Creating filter chain: Ant [pattern='/css/**'], []
2020-06-25 00:22:41.256 [restartedMain] INFO  o.s.security.web.DefaultSecurityFilterChain - Creating filter chain: any request, [org.springframework.security.web.context.request.async.WebAsyncManagerIntegrationFilter@46bf819, org.springframework.security.web.context.SecurityContextPersistenceFilter@4305e4cb, org.springframework.security.web.header.HeaderWriterFilter@32dd1485, org.springframework.security.web.authentication.logout.LogoutFilter@12e1c012, com.reason.gsny.handler.JwtRequestFilter@49a635e5, org.springframework.security.web.savedrequest.RequestCacheAwareFilter@7750e1ee, org.springframework.security.web.servletapi.SecurityContextHolderAwareRequestFilter@776087ad, org.springframework.security.web.authentication.AnonymousAuthenticationFilter@5ea45831, org.springframework.security.web.session.SessionManagementFilter@20f12f55, org.springframework.security.web.access.ExceptionTranslationFilter@4709db09, org.springframework.security.web.access.intercept.FilterSecurityInterceptor@3e1775e5]
2020-06-25 00:22:41.277 [restartedMain] INFO  s.d.s.w.PropertySourcedRequestMappingHandlerMapping - Mapped URL path [/v2/api-docs] onto method [public org.springframework.http.ResponseEntity<springfox.documentation.spring.web.json.Json> springfox.documentation.swagger2.web.Swagger2Controller.getDocumentation(java.lang.String,javax.servlet.http.HttpServletRequest)]
2020-06-25 00:22:41.383 [restartedMain] INFO  o.s.scheduling.concurrent.ThreadPoolTaskExecutor - Initializing ExecutorService 'applicationTaskExecutor'
2020-06-25 00:22:41.522 [restartedMain] INFO  o.s.b.a.web.servlet.WelcomePageHandlerMapping - Adding welcome page template: index
2020-06-25 00:22:41.708 [restartedMain] INFO  s.d.s.web.plugins.DocumentationPluginsBootstrapper - Context refreshed
2020-06-25 00:22:41.724 [restartedMain] INFO  s.d.s.web.plugins.DocumentationPluginsBootstrapper - Found 1 custom documentation plugin(s)
2020-06-25 00:22:41.750 [restartedMain] INFO  s.d.spring.web.scanners.ApiListingReferenceScanner - Scanning for api listing references
2020-06-25 00:22:41.881 [restartedMain] INFO  s.d.s.w.r.operation.CachingOperationNameGenerator - Generating unique operation named: findUserGroupByAreaUsingGET_1
2020-06-25 00:22:41.885 [restartedMain] INFO  s.d.s.w.r.operation.CachingOperationNameGenerator - Generating unique operation named: getGprsListUsingGET_1
2020-06-25 00:22:41.919 [restartedMain] INFO  s.d.s.w.r.operation.CachingOperationNameGenerator - Generating unique operation named: getGprsListUsingGET_2
2020-06-25 00:22:41.974 [restartedMain] INFO  s.d.s.w.r.operation.CachingOperationNameGenerator - Generating unique operation named: closeMeterUsingGET_1
2020-06-25 00:22:41.979 [restartedMain] INFO  s.d.s.w.r.operation.CachingOperationNameGenerator - Generating unique operation named: findAllUsingGET_1
2020-06-25 00:22:41.980 [restartedMain] INFO  s.d.s.w.r.operation.CachingOperationNameGenerator - Generating unique operation named: openMeterUsingGET_1
2020-06-25 00:22:41.981 [restartedMain] INFO  s.d.s.w.r.operation.CachingOperationNameGenerator - Generating unique operation named: showMetersUsingGET_1
2020-06-25 00:22:41.990 [restartedMain] INFO  s.d.s.w.r.operation.CachingOperationNameGenerator - Generating unique operation named: getListByStatusUsingGET_1
2020-06-25 00:22:41.994 [restartedMain] INFO  s.d.s.w.r.operation.CachingOperationNameGenerator - Generating unique operation named: getListUsingGET_1
2020-06-25 00:22:41.995 [restartedMain] INFO  s.d.s.w.r.operation.CachingOperationNameGenerator - Generating unique operation named: jsonUsingGET_1
2020-06-25 00:22:41.999 [restartedMain] INFO  s.d.s.w.r.operation.CachingOperationNameGenerator - Generating unique operation named: indexUsingGET_1
2020-06-25 00:22:42.017 [restartedMain] INFO  org.apache.coyote.http11.Http11NioProtocol - Starting ProtocolHandler ["http-nio-1978"]
2020-06-25 00:22:42.038 [restartedMain] INFO  o.s.boot.web.embedded.tomcat.TomcatWebServer - Tomcat started on port(s): 1978 (http) with context path ''
2020-06-25 00:22:42.041 [restartedMain] INFO  com.reason.gsny.Main - Started Main in 10.65 seconds (JVM running for 11.506)
2020-06-25 00:22:46.847 [http-nio-1978-exec-1] INFO  o.a.c.core.ContainerBase.[Tomcat].[localhost].[/] - Initializing Spring DispatcherServlet 'dispatcherServlet'
2020-06-25 00:22:46.848 [http-nio-1978-exec-1] INFO  org.springframework.web.servlet.DispatcherServlet - Initializing Servlet 'dispatcherServlet'
2020-06-25 00:22:46.859 [http-nio-1978-exec-1] INFO  org.springframework.web.servlet.DispatcherServlet - Completed initialization in 11 ms
2020-06-25 00:22:47.036 [http-nio-1978-exec-1] INFO  com.reason.gsny.repository.UserDao - 从数据库中查询用户
2020-06-25 00:22:47.108 [http-nio-1978-exec-1] INFO  com.reason.gsny.repository.UserDao - 从数据库中查询用户
2020-06-25 00:22:59.455 [http-nio-1978-exec-3] INFO  com.reason.gsny.repository.UserDao - 从数据库中查询用户
2020-06-25 00:22:59.526 [http-nio-1978-exec-3] INFO  com.reason.gsny.repository.UserDao - 从数据库中查询用户
2020-06-25 00:47:13.206 [Thread-30] INFO  o.s.scheduling.concurrent.ThreadPoolTaskExecutor - Shutting down ExecutorService 'applicationTaskExecutor'
2020-06-25 00:47:13.210 [Thread-30] INFO  o.s.orm.jpa.LocalContainerEntityManagerFactoryBean - Closing JPA EntityManagerFactory for persistence unit 'default'
2020-06-25 00:47:13.215 [Thread-30] INFO  com.alibaba.druid.pool.DruidDataSource - {dataSource-1} closed
2020-06-25 00:47:19.568 [restartedMain] INFO  com.reason.gsny.Main - Starting Main on LAPTOP-BBG70CSE with PID 18896 (started by leon in D:\project\svn\甘肃农业灌溉\software\甘肃农业app\gsnyBoot)
2020-06-25 00:47:19.571 [restartedMain] INFO  com.reason.gsny.Main - The following profiles are active: dev
2020-06-25 00:47:19.617 [restartedMain] INFO  o.s.b.d.env.DevToolsPropertyDefaultsPostProcessor - Devtools property defaults active! Set 'spring.devtools.add-properties' to 'false' to disable
2020-06-25 00:47:19.618 [restartedMain] INFO  o.s.b.d.env.DevToolsPropertyDefaultsPostProcessor - For additional web related logging consider setting the 'logging.level.web' property to 'DEBUG'
2020-06-25 00:47:20.456 [restartedMain] INFO  o.s.d.r.config.RepositoryConfigurationDelegate - Bootstrapping Spring Data repositories in DEFAULT mode.
2020-06-25 00:47:20.537 [restartedMain] INFO  o.s.d.r.config.RepositoryConfigurationDelegate - Finished Spring Data repository scanning in 75ms. Found 11 repository interfaces.
2020-06-25 00:47:20.987 [restartedMain] INFO  o.s.c.s.PostProcessorRegistrationDelegate$BeanPostProcessorChecker - Bean 'org.springframework.transaction.annotation.ProxyTransactionManagementConfiguration' of type [org.springframework.transaction.annotation.ProxyTransactionManagementConfiguration$$EnhancerBySpringCGLIB$$ae616cf7] is not eligible for getting processed by all BeanPostProcessors (for example: not eligible for auto-proxying)
2020-06-25 00:47:21.018 [restartedMain] INFO  o.s.c.s.PostProcessorRegistrationDelegate$BeanPostProcessorChecker - Bean 'org.springframework.security.config.annotation.configuration.ObjectPostProcessorConfiguration' of type [org.springframework.security.config.annotation.configuration.ObjectPostProcessorConfiguration$$EnhancerBySpringCGLIB$$470f3531] is not eligible for getting processed by all BeanPostProcessors (for example: not eligible for auto-proxying)
2020-06-25 00:47:21.022 [restartedMain] INFO  o.s.c.s.PostProcessorRegistrationDelegate$BeanPostProcessorChecker - Bean 'objectPostProcessor' of type [org.springframework.security.config.annotation.configuration.AutowireBeanFactoryObjectPostProcessor] is not eligible for getting processed by all BeanPostProcessors (for example: not eligible for auto-proxying)
2020-06-25 00:47:21.024 [restartedMain] INFO  o.s.c.s.PostProcessorRegistrationDelegate$BeanPostProcessorChecker - Bean 'org.springframework.security.access.expression.method.DefaultMethodSecurityExpressionHandler@540dffcb' of type [org.springframework.security.access.expression.method.DefaultMethodSecurityExpressionHandler] is not eligible for getting processed by all BeanPostProcessors (for example: not eligible for auto-proxying)
2020-06-25 00:47:21.027 [restartedMain] INFO  o.s.c.s.PostProcessorRegistrationDelegate$BeanPostProcessorChecker - Bean 'org.springframework.security.config.annotation.method.configuration.GlobalMethodSecurityConfiguration' of type [org.springframework.security.config.annotation.method.configuration.GlobalMethodSecurityConfiguration$$EnhancerBySpringCGLIB$$6be3d7e3] is not eligible for getting processed by all BeanPostProcessors (for example: not eligible for auto-proxying)
2020-06-25 00:47:21.032 [restartedMain] INFO  o.s.c.s.PostProcessorRegistrationDelegate$BeanPostProcessorChecker - Bean 'org.springframework.security.config.annotation.method.configuration.Jsr250MetadataSourceConfiguration' of type [org.springframework.security.config.annotation.method.configuration.Jsr250MetadataSourceConfiguration$$EnhancerBySpringCGLIB$$9138eff9] is not eligible for getting processed by all BeanPostProcessors (for example: not eligible for auto-proxying)
2020-06-25 00:47:21.035 [restartedMain] INFO  o.s.c.s.PostProcessorRegistrationDelegate$BeanPostProcessorChecker - Bean 'jsr250MethodSecurityMetadataSource' of type [org.springframework.security.access.annotation.Jsr250MethodSecurityMetadataSource] is not eligible for getting processed by all BeanPostProcessors (for example: not eligible for auto-proxying)
2020-06-25 00:47:21.036 [restartedMain] INFO  o.s.c.s.PostProcessorRegistrationDelegate$BeanPostProcessorChecker - Bean 'methodSecurityMetadataSource' of type [org.springframework.security.access.method.DelegatingMethodSecurityMetadataSource] is not eligible for getting processed by all BeanPostProcessors (for example: not eligible for auto-proxying)
2020-06-25 00:47:21.463 [restartedMain] INFO  o.s.boot.web.embedded.tomcat.TomcatWebServer - Tomcat initialized with port(s): 1978 (http)
2020-06-25 00:47:21.476 [restartedMain] INFO  org.apache.coyote.http11.Http11NioProtocol - Initializing ProtocolHandler ["http-nio-1978"]
2020-06-25 00:47:21.483 [restartedMain] INFO  org.apache.catalina.core.StandardService - Starting service [Tomcat]
2020-06-25 00:47:21.484 [restartedMain] INFO  org.apache.catalina.core.StandardEngine - Starting Servlet engine: [Apache Tomcat/9.0.21]
2020-06-25 00:47:21.602 [restartedMain] INFO  o.a.c.core.ContainerBase.[Tomcat].[localhost].[/] - Initializing Spring embedded WebApplicationContext
2020-06-25 00:47:21.602 [restartedMain] INFO  org.springframework.web.context.ContextLoader - Root WebApplicationContext: initialization completed in 1984 ms
2020-06-25 00:47:21.897 [restartedMain] INFO  com.alibaba.druid.pool.DruidDataSource - {dataSource-1} inited
2020-06-25 00:47:22.219 [restartedMain] INFO  org.hibernate.jpa.internal.util.LogHelper - HHH000204: Processing PersistenceUnitInfo [
	name: default
	...]
2020-06-25 00:47:22.288 [restartedMain] INFO  org.hibernate.Version - HHH000412: Hibernate Core {5.3.10.Final}
2020-06-25 00:47:22.290 [restartedMain] INFO  org.hibernate.cfg.Environment - HHH000206: hibernate.properties not found
2020-06-25 00:47:22.440 [restartedMain] INFO  org.hibernate.annotations.common.Version - HCANN000001: Hibernate Commons Annotations {5.0.4.Final}
2020-06-25 00:47:22.604 [restartedMain] INFO  org.hibernate.dialect.Dialect - HHH000400: Using dialect: org.hibernate.dialect.SQLServer2008Dialect
2020-06-25 00:47:29.482 [restartedMain] INFO  o.s.orm.jpa.LocalContainerEntityManagerFactoryBean - Initialized JPA EntityManagerFactory for persistence unit 'default'
2020-06-25 00:47:29.538 [restartedMain] INFO  o.s.b.d.autoconfigure.OptionalLiveReloadServer - LiveReload server is running on port 35729
2020-06-25 00:47:30.232 [restartedMain] INFO  o.h.hql.internal.QueryTranslatorFactoryInitiator - HHH000397: Using ASTQueryTranslatorFactory
2020-06-25 00:47:30.894 [restartedMain] INFO  o.s.security.web.DefaultSecurityFilterChain - Creating filter chain: Ant [pattern='/css/**'], []
2020-06-25 00:47:30.929 [restartedMain] INFO  o.s.security.web.DefaultSecurityFilterChain - Creating filter chain: any request, [org.springframework.security.web.context.request.async.WebAsyncManagerIntegrationFilter@4a1fcef0, org.springframework.security.web.context.SecurityContextPersistenceFilter@8769c44, org.springframework.security.web.header.HeaderWriterFilter@1a3d0b88, org.springframework.security.web.authentication.logout.LogoutFilter@2a3f0e25, com.reason.gsny.handler.JwtRequestFilter@1ddd2ca5, org.springframework.security.web.savedrequest.RequestCacheAwareFilter@c802e65, org.springframework.security.web.servletapi.SecurityContextHolderAwareRequestFilter@5e7d223a, org.springframework.security.web.authentication.AnonymousAuthenticationFilter@40c6698f, org.springframework.security.web.session.SessionManagementFilter@573a816c, org.springframework.security.web.access.ExceptionTranslationFilter@2a0c16d2, org.springframework.security.web.access.intercept.FilterSecurityInterceptor@56787488]
2020-06-25 00:47:30.950 [restartedMain] INFO  s.d.s.w.PropertySourcedRequestMappingHandlerMapping - Mapped URL path [/v2/api-docs] onto method [public org.springframework.http.ResponseEntity<springfox.documentation.spring.web.json.Json> springfox.documentation.swagger2.web.Swagger2Controller.getDocumentation(java.lang.String,javax.servlet.http.HttpServletRequest)]
2020-06-25 00:47:31.053 [restartedMain] INFO  o.s.scheduling.concurrent.ThreadPoolTaskExecutor - Initializing ExecutorService 'applicationTaskExecutor'
2020-06-25 00:47:31.179 [restartedMain] INFO  o.s.b.a.web.servlet.WelcomePageHandlerMapping - Adding welcome page template: index
2020-06-25 00:47:31.356 [restartedMain] INFO  s.d.s.web.plugins.DocumentationPluginsBootstrapper - Context refreshed
2020-06-25 00:47:31.373 [restartedMain] INFO  s.d.s.web.plugins.DocumentationPluginsBootstrapper - Found 1 custom documentation plugin(s)
2020-06-25 00:47:31.400 [restartedMain] INFO  s.d.spring.web.scanners.ApiListingReferenceScanner - Scanning for api listing references
2020-06-25 00:47:31.552 [restartedMain] INFO  s.d.s.w.r.operation.CachingOperationNameGenerator - Generating unique operation named: findUserGroupByAreaUsingGET_1
2020-06-25 00:47:31.556 [restartedMain] INFO  s.d.s.w.r.operation.CachingOperationNameGenerator - Generating unique operation named: getGprsListUsingGET_1
2020-06-25 00:47:31.596 [restartedMain] INFO  s.d.s.w.r.operation.CachingOperationNameGenerator - Generating unique operation named: getGprsListUsingGET_2
2020-06-25 00:47:31.667 [restartedMain] INFO  s.d.s.w.r.operation.CachingOperationNameGenerator - Generating unique operation named: closeMeterUsingGET_1
2020-06-25 00:47:31.672 [restartedMain] INFO  s.d.s.w.r.operation.CachingOperationNameGenerator - Generating unique operation named: findAllUsingGET_1
2020-06-25 00:47:31.673 [restartedMain] INFO  s.d.s.w.r.operation.CachingOperationNameGenerator - Generating unique operation named: openMeterUsingGET_1
2020-06-25 00:47:31.675 [restartedMain] INFO  s.d.s.w.r.operation.CachingOperationNameGenerator - Generating unique operation named: showMetersUsingGET_1
2020-06-25 00:47:31.685 [restartedMain] INFO  s.d.s.w.r.operation.CachingOperationNameGenerator - Generating unique operation named: getListByStatusUsingGET_1
2020-06-25 00:47:31.689 [restartedMain] INFO  s.d.s.w.r.operation.CachingOperationNameGenerator - Generating unique operation named: getListUsingGET_1
2020-06-25 00:47:31.690 [restartedMain] INFO  s.d.s.w.r.operation.CachingOperationNameGenerator - Generating unique operation named: jsonUsingGET_1
2020-06-25 00:47:31.693 [restartedMain] INFO  s.d.s.w.r.operation.CachingOperationNameGenerator - Generating unique operation named: indexUsingGET_1
2020-06-25 00:47:31.710 [restartedMain] INFO  org.apache.coyote.http11.Http11NioProtocol - Starting ProtocolHandler ["http-nio-1978"]
2020-06-25 00:47:31.732 [restartedMain] INFO  o.s.boot.web.embedded.tomcat.TomcatWebServer - Tomcat started on port(s): 1978 (http) with context path ''
2020-06-25 00:47:31.734 [restartedMain] INFO  com.reason.gsny.Main - Started Main in 12.828 seconds (JVM running for 13.677)
2020-06-25 00:47:46.931 [http-nio-1978-exec-3] INFO  o.a.c.core.ContainerBase.[Tomcat].[localhost].[/] - Initializing Spring DispatcherServlet 'dispatcherServlet'
2020-06-25 00:47:46.932 [http-nio-1978-exec-3] INFO  org.springframework.web.servlet.DispatcherServlet - Initializing Servlet 'dispatcherServlet'
2020-06-25 00:47:46.941 [http-nio-1978-exec-3] INFO  org.springframework.web.servlet.DispatcherServlet - Completed initialization in 9 ms
2020-06-25 00:47:50.220 [http-nio-1978-exec-3] INFO  com.reason.gsny.repository.UserDao - 从数据库中查询用户
2020-06-25 00:47:50.296 [http-nio-1978-exec-3] INFO  com.reason.gsny.repository.UserDao - 从数据库中查询用户
2020-06-25 00:48:22.955 [http-nio-1978-exec-4] INFO  com.reason.gsny.repository.UserDao - 从数据库中查询用户
2020-06-25 00:48:26.550 [http-nio-1978-exec-4] INFO  c.r.gsny.repository.impl.SimpleJpaRepositoryImpl - 拷贝函数,过滤为null的字段
2020-06-25 00:48:33.670 [http-nio-1978-exec-2] INFO  com.reason.gsny.repository.UserDao - 从数据库中查询用户
2020-06-25 00:49:14.645 [http-nio-1978-exec-5] INFO  com.reason.gsny.repository.UserDao - 从数据库中查询用户
2020-06-25 00:49:14.653 [http-nio-1978-exec-5] INFO  c.r.gsny.repository.impl.SimpleJpaRepositoryImpl - 拷贝函数,过滤为null的字段
2020-06-25 00:49:23.024 [http-nio-1978-exec-6] INFO  com.reason.gsny.repository.UserDao - 从数据库中查询用户
2020-06-25 00:49:23.031 [http-nio-1978-exec-6] INFO  c.r.gsny.repository.impl.SimpleJpaRepositoryImpl - 拷贝函数,过滤为null的字段
2020-06-25 00:49:28.098 [Thread-34] INFO  o.s.scheduling.concurrent.ThreadPoolTaskExecutor - Shutting down ExecutorService 'applicationTaskExecutor'
2020-06-25 00:49:28.102 [Thread-34] INFO  o.s.orm.jpa.LocalContainerEntityManagerFactoryBean - Closing JPA EntityManagerFactory for persistence unit 'default'
2020-06-25 00:49:28.106 [Thread-34] INFO  com.alibaba.druid.pool.DruidDataSource - {dataSource-1} closed
